This is pdfTeX, Version 3.141592653-2.6-1.40.26 (TeX Live 2024) (preloaded format=pdflatex 2024.9.16)  20 OCT 2024 22:55
entering extended mode
 restricted \write18 enabled.
 file:line:error style messages enabled.
 %&-line parsing enabled.
**/home/sprutz/dev/mlp/HW2/Submission/assignment2.tex
(/home/sprutz/dev/mlp/HW2/Submission/assignment2.tex
LaTeX2e <2024-06-01> patch level 2
L3 programming layer <2024-08-30>
(/usr/local/texlive/2024/texmf-dist/tex/latex/base/article.cls
Document Class: article 2024/02/08 v1.4n Standard LaTeX document class
(/usr/local/texlive/2024/texmf-dist/tex/latex/base/size10.clo
File: size10.clo 2024/02/08 v1.4n Standard LaTeX file (size option)
)
\c@part=\count194
\c@section=\count195
\c@subsection=\count196
\c@subsubsection=\count197
\c@paragraph=\count198
\c@subparagraph=\count199
\c@figure=\count266
\c@table=\count267
\abovecaptionskip=\skip49
\belowcaptionskip=\skip50
\bibindent=\dimen141
) (/usr/local/texlive/2024/texmf-dist/tex/latex/base/inputenc.sty
Package: inputenc 2024/02/08 v1.3d Input encoding file
\inpenc@prehook=\toks17
\inpenc@posthook=\toks18
) (/usr/local/texlive/2024/texmf-dist/tex/latex/geometry/geometry.sty
Package: geometry 2020/01/02 v5.9 Page Geometry
 (/usr/local/texlive/2024/texmf-dist/tex/latex/graphics/keyval.sty
Package: keyval 2022/05/29 v1.15 key=value parser (DPC)
\KV@toks@=\toks19
) (/usr/local/texlive/2024/texmf-dist/tex/generic/iftex/ifvtex.sty
Package: ifvtex 2019/10/25 v1.7 ifvtex legacy package. Use iftex instead.
 (/usr/local/texlive/2024/texmf-dist/tex/generic/iftex/iftex.sty
Package: iftex 2022/02/03 v1.0f TeX engine tests
))
\Gm@cnth=\count268
\Gm@cntv=\count269
\c@Gm@tempcnt=\count270
\Gm@bindingoffset=\dimen142
\Gm@wd@mp=\dimen143
\Gm@odd@mp=\dimen144
\Gm@even@mp=\dimen145
\Gm@layoutwidth=\dimen146
\Gm@layoutheight=\dimen147
\Gm@layouthoffset=\dimen148
\Gm@layoutvoffset=\dimen149
\Gm@dimlist=\toks20
) (/usr/local/texlive/2024/texmf-dist/tex/latex/amsmath/amsmath.sty
Package: amsmath 2024/05/23 v2.17q AMS math features
\@mathmargin=\skip51

For additional information on amsmath, use the `?' option.
(/usr/local/texlive/2024/texmf-dist/tex/latex/amsmath/amstext.sty
Package: amstext 2021/08/26 v2.01 AMS text
 (/usr/local/texlive/2024/texmf-dist/tex/latex/amsmath/amsgen.sty
File: amsgen.sty 1999/11/30 v2.0 generic functions
\@emptytoks=\toks21
\ex@=\dimen150
)) (/usr/local/texlive/2024/texmf-dist/tex/latex/amsmath/amsbsy.sty
Package: amsbsy 1999/11/29 v1.2d Bold Symbols
\pmbraise@=\dimen151
) (/usr/local/texlive/2024/texmf-dist/tex/latex/amsmath/amsopn.sty
Package: amsopn 2022/04/08 v2.04 operator names
)
\inf@bad=\count271
LaTeX Info: Redefining \frac on input line 233.
\uproot@=\count272
\leftroot@=\count273
LaTeX Info: Redefining \overline on input line 398.
LaTeX Info: Redefining \colon on input line 409.
\classnum@=\count274
\DOTSCASE@=\count275
LaTeX Info: Redefining \ldots on input line 495.
LaTeX Info: Redefining \dots on input line 498.
LaTeX Info: Redefining \cdots on input line 619.
\Mathstrutbox@=\box52
\strutbox@=\box53
LaTeX Info: Redefining \big on input line 721.
LaTeX Info: Redefining \Big on input line 722.
LaTeX Info: Redefining \bigg on input line 723.
LaTeX Info: Redefining \Bigg on input line 724.
\big@size=\dimen152
LaTeX Font Info:    Redeclaring font encoding OML on input line 742.
LaTeX Font Info:    Redeclaring font encoding OMS on input line 743.
\macc@depth=\count276
LaTeX Info: Redefining \bmod on input line 904.
LaTeX Info: Redefining \pmod on input line 909.
LaTeX Info: Redefining \smash on input line 939.
LaTeX Info: Redefining \relbar on input line 969.
LaTeX Info: Redefining \Relbar on input line 970.
\c@MaxMatrixCols=\count277
\dotsspace@=\muskip17
\c@parentequation=\count278
\dspbrk@lvl=\count279
\tag@help=\toks22
\row@=\count280
\column@=\count281
\maxfields@=\count282
\andhelp@=\toks23
\eqnshift@=\dimen153
\alignsep@=\dimen154
\tagshift@=\dimen155
\tagwidth@=\dimen156
\totwidth@=\dimen157
\lineht@=\dimen158
\@envbody=\toks24
\multlinegap=\skip52
\multlinetaggap=\skip53
\mathdisplay@stack=\toks25
LaTeX Info: Redefining \[ on input line 2953.
LaTeX Info: Redefining \] on input line 2954.
) (/usr/local/texlive/2024/texmf-dist/tex/latex/graphics/graphicx.sty
Package: graphicx 2021/09/16 v1.2d Enhanced LaTeX Graphics (DPC,SPQR)
 (/usr/local/texlive/2024/texmf-dist/tex/latex/graphics/graphics.sty
Package: graphics 2024/05/23 v1.4g Standard LaTeX Graphics (DPC,SPQR)
 (/usr/local/texlive/2024/texmf-dist/tex/latex/graphics/trig.sty
Package: trig 2023/12/02 v1.11 sin cos tan (DPC)
) (/usr/local/texlive/2024/texmf-dist/tex/latex/graphics-cfg/graphics.cfg
File: graphics.cfg 2016/06/04 v1.11 sample graphics configuration
)
Package graphics Info: Driver file: pdftex.def on input line 106.
 (/usr/local/texlive/2024/texmf-dist/tex/latex/graphics-def/pdftex.def
File: pdftex.def 2024/04/13 v1.2c Graphics/color driver for pdftex
))
\Gin@req@height=\dimen159
\Gin@req@width=\dimen160
) (/usr/local/texlive/2024/texmf-dist/tex/latex/caption/subcaption.sty
Package: subcaption 2023/07/28 v1.6b Sub-captions (AR)
 (/usr/local/texlive/2024/texmf-dist/tex/latex/caption/caption.sty
Package: caption 2023/08/05 v3.6o Customizing captions (AR)
 (/usr/local/texlive/2024/texmf-dist/tex/latex/caption/caption3.sty
Package: caption3 2023/07/31 v2.4d caption3 kernel (AR)
\caption@tempdima=\dimen161
\captionmargin=\dimen162
\caption@leftmargin=\dimen163
\caption@rightmargin=\dimen164
\caption@width=\dimen165
\caption@indent=\dimen166
\caption@parindent=\dimen167
\caption@hangindent=\dimen168
Package caption Info: Standard document class detected.
)
\c@caption@flags=\count283
\c@continuedfloat=\count284
)
Package caption Info: New subtype `subfigure' on input line 238.
\c@subfigure=\count285
Package caption Info: New subtype `subtable' on input line 238.
\c@subtable=\count286
) (/usr/local/texlive/2024/texmf-dist/tex/latex/l3backend/l3backend-pdftex.def
File: l3backend-pdftex.def 2024-05-08 L3 backend support: PDF output (pdfTeX)
\l__color_backend_stack_int=\count287
\l__pdf_internal_box=\box54
) (./assignment2.aux)
\openout1 = `assignment2.aux'.

LaTeX Font Info:    Checking defaults for OML/cmm/m/it on input line 16.
LaTeX Font Info:    ... okay on input line 16.
LaTeX Font Info:    Checking defaults for OMS/cmsy/m/n on input line 16.
LaTeX Font Info:    ... okay on input line 16.
LaTeX Font Info:    Checking defaults for OT1/cmr/m/n on input line 16.
LaTeX Font Info:    ... okay on input line 16.
LaTeX Font Info:    Checking defaults for T1/cmr/m/n on input line 16.
LaTeX Font Info:    ... okay on input line 16.
LaTeX Font Info:    Checking defaults for TS1/cmr/m/n on input line 16.
LaTeX Font Info:    ... okay on input line 16.
LaTeX Font Info:    Checking defaults for OMX/cmex/m/n on input line 16.
LaTeX Font Info:    ... okay on input line 16.
LaTeX Font Info:    Checking defaults for U/cmr/m/n on input line 16.
LaTeX Font Info:    ... okay on input line 16.

*geometry* driver: auto-detecting
*geometry* detected driver: pdftex
*geometry* verbose mode - [ preamble ] result:
* driver: pdftex
* paper: a4paper
* layout: <same size as paper>
* layoutoffset:(h,v)=(0.0pt,0.0pt)
* modes: 
* h-part:(L,W,R)=(81.94394pt, 433.62pt, 81.94394pt)
* v-part:(T,H,B)=(48.93872pt, 722.7pt, 73.40813pt)
* \paperwidth=597.50787pt
* \paperheight=845.04684pt
* \textwidth=433.62pt
* \textheight=722.7pt
* \oddsidemargin=9.67395pt
* \evensidemargin=9.67395pt
* \topmargin=-60.33127pt
* \headheight=12.0pt
* \headsep=25.0pt
* \topskip=10.0pt
* \footskip=30.0pt
* \marginparwidth=65.0pt
* \marginparsep=11.0pt
* \columnsep=10.0pt
* \skip\footins=9.0pt plus 4.0pt minus 2.0pt
* \hoffset=0.0pt
* \voffset=0.0pt
* \mag=1000
* \@twocolumnfalse
* \@twosidefalse
* \@mparswitchfalse
* \@reversemarginfalse
* (1in=72.27pt=25.4mm, 1cm=28.453pt)

(/usr/local/texlive/2024/texmf-dist/tex/context/base/mkii/supp-pdf.mkii
[Loading MPS to PDF converter (version 2006.09.02).]
\scratchcounter=\count288
\scratchdimen=\dimen169
\scratchbox=\box55
\nofMPsegments=\count289
\nofMParguments=\count290
\everyMPshowfont=\toks26
\MPscratchCnt=\count291
\MPscratchDim=\dimen170
\MPnumerator=\count292
\makeMPintoPDFobject=\count293
\everyMPtoPDFconversion=\toks27
) (/usr/local/texlive/2024/texmf-dist/tex/latex/epstopdf-pkg/epstopdf-base.sty
Package: epstopdf-base 2020-01-24 v2.11 Base part for package epstopdf
Package epstopdf-base Info: Redefining graphics rule for `.eps' on input line 485.
 (/usr/local/texlive/2024/texmf-dist/tex/latex/latexconfig/epstopdf-sys.cfg
File: epstopdf-sys.cfg 2010/07/13 v1.3 Configuration of (r)epstopdf for TeX Live
))
Package caption Info: Begin \AtBeginDocument code.
Package caption Info: End \AtBeginDocument code.


[1

{/usr/local/texlive/2024/texmf-var/fonts/map/pdftex/updmap/pdftex.map}]

[2]
</home/sprutz/dev/mlp/HW2/images/val_error_ridge.png, id=18, 462.528pt x 346.896pt>
File: /home/sprutz/dev/mlp/HW2/images/val_error_ridge.png Graphic file (type png)
<use /home/sprutz/dev/mlp/HW2/images/val_error_ridge.png>
Package pdftex.def Info: /home/sprutz/dev/mlp/HW2/images/val_error_ridge.png  used on input line 152.
(pdftex.def)             Requested size: 462.52686pt x 346.89514pt.

Overfull \hbox (28.90686pt too wide) in paragraph at lines 150--153
[] 
 []

</home/sprutz/dev/mlp/HW2/images/model_eval.png, id=20, 462.528pt x 346.896pt>
File: /home/sprutz/dev/mlp/HW2/images/model_eval.png Graphic file (type png)
<use /home/sprutz/dev/mlp/HW2/images/model_eval.png>
Package pdftex.def Info: /home/sprutz/dev/mlp/HW2/images/model_eval.png  used on input line 156.
(pdftex.def)             Requested size: 462.52686pt x 346.89514pt.

Overfull \hbox (28.90686pt too wide) in paragraph at lines 155--157
[] 
 []



[3 </home/sprutz/dev/mlp/HW2/images/val_error_ridge.png>]
</home/sprutz/dev/mlp/HW2/images/large_plot.png, id=25, 462.528pt x 346.896pt>
File: /home/sprutz/dev/mlp/HW2/images/large_plot.png Graphic file (type png)
<use /home/sprutz/dev/mlp/HW2/images/large_plot.png>
Package pdftex.def Info: /home/sprutz/dev/mlp/HW2/images/large_plot.png  used on input line 164.
(pdftex.def)             Requested size: 462.52686pt x 346.89514pt.

Overfull \hbox (28.90686pt too wide) in paragraph at lines 163--165
[] 
 []



[4 </home/sprutz/dev/mlp/HW2/images/model_eval.png>]
</home/sprutz/dev/mlp/HW2/images/reconst(M=2).png, id=30, 57.816pt x 43.362pt>
File: /home/sprutz/dev/mlp/HW2/images/reconst(M=2).png Graphic file (type png)
<use /home/sprutz/dev/mlp/HW2/images/reconst(M=2).png>
Package pdftex.def Info: /home/sprutz/dev/mlp/HW2/images/reconst(M=2).png  used on input line 180.
(pdftex.def)             Requested size: 78.04842pt x 58.53946pt.
</home/sprutz/dev/mlp/HW2/images/reconst(M=10).png, id=31, 57.816pt x 43.362pt>
File: /home/sprutz/dev/mlp/HW2/images/reconst(M=10).png Graphic file (type png)
<use /home/sprutz/dev/mlp/HW2/images/reconst(M=10).png>
Package pdftex.def Info: /home/sprutz/dev/mlp/HW2/images/reconst(M=10).png  used on input line 185.
(pdftex.def)             Requested size: 78.04842pt x 58.53946pt.
</home/sprutz/dev/mlp/HW2/images/reconst(M=100).png, id=32, 57.816pt x 43.362pt>
File: /home/sprutz/dev/mlp/HW2/images/reconst(M=100).png Graphic file (type png)
<use /home/sprutz/dev/mlp/HW2/images/reconst(M=100).png>
Package pdftex.def Info: /home/sprutz/dev/mlp/HW2/images/reconst(M=100).png  used on input line 190.
(pdftex.def)             Requested size: 78.04842pt x 58.53946pt.
</home/sprutz/dev/mlp/HW2/images/reconst(M=1000).png, id=33, 57.816pt x 43.362pt>
File: /home/sprutz/dev/mlp/HW2/images/reconst(M=1000).png Graphic file (type png)
<use /home/sprutz/dev/mlp/HW2/images/reconst(M=1000).png>
Package pdftex.def Info: /home/sprutz/dev/mlp/HW2/images/reconst(M=1000).png  used on input line 195.
(pdftex.def)             Requested size: 78.04842pt x 58.53946pt.
</home/sprutz/dev/mlp/HW2/images/reconst(M=4000).png, id=34, 57.816pt x 43.362pt>
File: /home/sprutz/dev/mlp/HW2/images/reconst(M=4000).png Graphic file (type png)
<use /home/sprutz/dev/mlp/HW2/images/reconst(M=4000).png>
Package pdftex.def Info: /home/sprutz/dev/mlp/HW2/images/reconst(M=4000).png  used on input line 200.
(pdftex.def)             Requested size: 78.04842pt x 58.53946pt.
</home/sprutz/dev/mlp/HW2/images/eigenfaces.png, id=35, 1134.639pt x 478.4274pt>
File: /home/sprutz/dev/mlp/HW2/images/eigenfaces.png Graphic file (type png)
<use /home/sprutz/dev/mlp/HW2/images/eigenfaces.png>
Package pdftex.def Info: /home/sprutz/dev/mlp/HW2/images/eigenfaces.png  used on input line 210.
(pdftex.def)             Requested size: 346.89731pt x 146.26689pt.


[5 </home/sprutz/dev/mlp/HW2/images/large_plot.png> </home/sprutz/dev/mlp/HW2/images/reconst(M=2).png> </home/sprutz/dev/mlp/HW2/images/reconst(M=10).png> </home/sprutz/dev/mlp/HW2/images/reconst(M=100).png> </home/sprutz/dev/mlp/HW2/images/reconst(M=1000).png> </home/sprutz/dev/mlp/HW2/images/reconst(M=4000).png>]

[6 </home/sprutz/dev/mlp/HW2/images/eigenfaces.png>]
</home/sprutz/dev/mlp/HW2/images/2dplot.png, id=51, 462.528pt x 346.896pt>
File: /home/sprutz/dev/mlp/HW2/images/2dplot.png Graphic file (type png)
<use /home/sprutz/dev/mlp/HW2/images/2dplot.png>
Package pdftex.def Info: /home/sprutz/dev/mlp/HW2/images/2dplot.png  used on input line 235.
(pdftex.def)             Requested size: 195.12767pt x 146.34637pt.
</home/sprutz/dev/mlp/HW2/images/3dplot.png, id=52, 462.528pt x 346.896pt>
File: /home/sprutz/dev/mlp/HW2/images/3dplot.png Graphic file (type png)
<use /home/sprutz/dev/mlp/HW2/images/3dplot.png>
Package pdftex.def Info: /home/sprutz/dev/mlp/HW2/images/3dplot.png  used on input line 240.
(pdftex.def)             Requested size: 195.12767pt x 146.34637pt.


[7 </home/sprutz/dev/mlp/HW2/images/2dplot.png> </home/sprutz/dev/mlp/HW2/images/3dplot.png>] (./assignment2.aux)
 ***********
LaTeX2e <2024-06-01> patch level 2
L3 programming layer <2024-08-30>
 ***********
 ) 
Here is how much of TeX's memory you used:
 4144 strings out of 473579
 72213 string characters out of 5728234
 472533 words of memory out of 5000000
 27035 multiletter control sequences out of 15000+600000
 563444 words of font info for 55 fonts, out of 8000000 for 9000
 1141 hyphenation exceptions out of 8191
 67i,10n,77p,323b,498s stack positions out of 10000i,1000n,20000p,200000b,200000s
</usr/local/texlive/2024/texmf-dist/fonts/type1/public/amsfonts/cm/cmbx10.pfb></usr/local/texlive/2024/texmf-dist/fonts/type1/public/amsfonts/cm/cmbx12.pfb></usr/local/texlive/2024/texmf-dist/fonts/type1/public/amsfonts/cm/cmex10.pfb></usr/local/texlive/2024/texmf-dist/fonts/type1/public/amsfonts/cm/cmmi10.pfb></usr/local/texlive/2024/texmf-dist/fonts/type1/public/amsfonts/cm/cmmi7.pfb></usr/local/texlive/2024/texmf-dist/fonts/type1/public/amsfonts/cm/cmr10.pfb></usr/local/texlive/2024/texmf-dist/fonts/type1/public/amsfonts/cm/cmr12.pfb></usr/local/texlive/2024/texmf-dist/fonts/type1/public/amsfonts/cm/cmr17.pfb></usr/local/texlive/2024/texmf-dist/fonts/type1/public/amsfonts/cm/cmr7.pfb></usr/local/texlive/2024/texmf-dist/fonts/type1/public/amsfonts/cm/cmr9.pfb></usr/local/texlive/2024/texmf-dist/fonts/type1/public/amsfonts/cm/cmsy10.pfb>
Output written on assignment2.pdf (7 pages, 421056 bytes).
PDF statistics:
 106 PDF objects out of 1000 (max. 8388607)
 52 compressed objects within 1 object stream
 0 named destinations out of 1000 (max. 500000)
 56 words of extra memory for PDF output out of 10000 (max. 10000000)

